<?xml version="1.0" encoding="UTF-8"?>
<!-- Generated by org.testng.reporters.JUnitReportReporter -->
<testsuite hostname="DESKTOP-LHA7JAF" failures="0" tests="3" name="com.studentenrollmentsystem.scripts.TestAdminAddCourseClass" time="8.789" errors="0" timestamp="09 Mar 2022 17:01:03 GMT" skipped="0">
  <testcase classname="com.studentenrollmentsystem.scripts.TestAdminAddCourseClass" name="verifyValidAdminLogin" time="3.692"/>
  <testcase classname="com.studentenrollmentsystem.scripts.TestAdminAddCourseClass" name="validateResetCourse" time="2.353"/>
  <testcase classname="com.studentenrollmentsystem.scripts.TestAdminAddCourseClass" name="validateAddCourse" time="2.744"/>
</testsuite> <!-- com.studentenrollmentsystem.scripts.TestAdminAddCourseClass -->
