<?xml version="1.0" encoding="UTF-8"?>
<!-- Generated by org.testng.reporters.JUnitReportReporter -->
<testsuite hostname="DESKTOP-LHA7JAF" failures="0" tests="3" name="com.studentenrollmentsystem.scripts.TestAdminEditCourseClass" time="8.593" errors="0" timestamp="11 Mar 2022 09:16:12 GMT" skipped="0">
  <testcase classname="com.studentenrollmentsystem.scripts.TestAdminEditCourseClass" name="verifyEditCourse" time="3.393"/>
  <testcase classname="com.studentenrollmentsystem.scripts.TestAdminEditCourseClass" name="verifyValidAdminLogin" time="3.308"/>
  <testcase classname="com.studentenrollmentsystem.scripts.TestAdminEditCourseClass" name="verifyKnowMore" time="1.892"/>
</testsuite> <!-- com.studentenrollmentsystem.scripts.TestAdminEditCourseClass -->
