<?xml version="1.0" encoding="UTF-8"?>
<!-- Generated by org.testng.reporters.JUnitReportReporter -->
<testsuite hostname="DESKTOP-P2B97J9" failures="0" tests="3" name="com.studentenrollmentsystem.scenario.TestStudentEnrollClass" time="5.915" errors="0" timestamp="2022-03-04T12:59:07 IST" skipped="2">
  <testcase classname="com.studentenrollmentsystem.scenario.TestStudentEnrollClass" name="validateEnroll" time="5.915"/>
  <system-out/>
  <testcase classname="com.studentenrollmentsystem.scenario.TestStudentEnrollClass" name="validateInvalidEnroll">
    <skipped/>
  </testcase> <!-- validateInvalidEnroll -->
  <system-out/>
  <testcase classname="com.studentenrollmentsystem.scenario.TestStudentEnrollClass" name="validateRegisterAsStundent">
    <skipped/>
  </testcase> <!-- validateRegisterAsStundent -->
  <system-out/>
</testsuite> <!-- com.studentenrollmentsystem.scenario.TestStudentEnrollClass -->
