<?xml version="1.0" encoding="UTF-8"?>
<!-- Generated by org.testng.reporters.JUnitReportReporter -->
<testsuite hostname="DESKTOP-LHA7JAF" failures="0" tests="4" name="com.studentenrollmentsystem.scripts.TestAdminAddCourseClass" time="8.364" errors="0" timestamp="13 Mar 2022 13:56:19 GMT" skipped="0">
  <testcase classname="com.studentenrollmentsystem.scripts.TestAdminAddCourseClass" name="verifyValidAdminLogin" time="5.136"/>
  <testcase classname="com.studentenrollmentsystem.scripts.TestAdminAddCourseClass" name="validateResetCourse" time="0.535"/>
  <testcase classname="com.studentenrollmentsystem.scripts.TestAdminAddCourseClass" name="validateAddCourse" time="2.496"/>
  <testcase classname="com.studentenrollmentsystem.scripts.TestAdminAddCourseClass" name="LogOut" time="0.197"/>
</testsuite> <!-- com.studentenrollmentsystem.scripts.TestAdminAddCourseClass -->
