<?xml version="1.0" encoding="UTF-8"?>
<!-- Generated by org.testng.reporters.JUnitReportReporter -->
<testsuite hostname="DESKTOP-LHA7JAF" failures="0" tests="3" name="com.studentenrollmentsystem.scripts.TestAdminSearchClass" time="9.304" errors="0" timestamp="11 Mar 2022 08:27:26 GMT" skipped="0">
  <testcase classname="com.studentenrollmentsystem.scripts.TestAdminSearchClass" name="verifyValidAdminLogin" time="3.692"/>
  <testcase classname="com.studentenrollmentsystem.scripts.TestAdminSearchClass" name="verifySearchByName" time="5.406"/>
  <testcase classname="com.studentenrollmentsystem.scripts.TestAdminSearchClass" name="verifySearchByQualification" time="0.206"/>
</testsuite> <!-- com.studentenrollmentsystem.scripts.TestAdminSearchClass -->
