<?xml version="1.0" encoding="UTF-8"?>
<!-- Generated by org.testng.reporters.JUnitReportReporter -->
<testsuite hostname="DESKTOP-LHA7JAF" failures="0" tests="6" name="com.studentenrollmentsystem.scripts.TestAdminEditEmployeeClass" time="8.161" errors="0" timestamp="11 Mar 2022 09:22:59 GMT" skipped="0">
  <testcase classname="com.studentenrollmentsystem.scripts.TestAdminEditEmployeeClass" name="verifyValidAdminLogin" time="3.725"/>
  <testcase classname="com.studentenrollmentsystem.scripts.TestAdminEditEmployeeClass" name="empList" time="0.078"/>
  <testcase classname="com.studentenrollmentsystem.scripts.TestAdminEditEmployeeClass" name="empl_edit" time="0.894"/>
  <testcase classname="com.studentenrollmentsystem.scripts.TestAdminEditEmployeeClass" name="empl_delete" time="0.361"/>
  <testcase classname="com.studentenrollmentsystem.scripts.TestAdminEditEmployeeClass" name="empl_app" time="1.904"/>
  <testcase classname="com.studentenrollmentsystem.scripts.TestAdminEditEmployeeClass" name="empl_rej" time="1.199"/>
</testsuite> <!-- com.studentenrollmentsystem.scripts.TestAdminEditEmployeeClass -->
