<?xml version="1.0" encoding="UTF-8"?>
<!-- Generated by org.testng.reporters.JUnitReportReporter -->
<testsuite hostname="DESKTOP-P2B97J9" failures="0" tests="1" name="com.studentenrollmentsystem.scripts.TestStudentClass" time="1.023" errors="0" timestamp="2022-02-24T19:08:42 IST" skipped="0">
  <testcase classname="com.studentenrollmentsystem.scripts.TestStudentClass" name="validateRegisterAsStundent" time="1.023"/>
  <system-out/>
</testsuite> <!-- com.studentenrollmentsystem.scripts.TestStudentClass -->
