<?xml version="1.0" encoding="UTF-8"?>
<!-- Generated by org.testng.reporters.JUnitReportReporter -->
<testsuite hostname="DESKTOP-LHA7JAF" failures="0" tests="3" name="com.studentenrollmentsystem.scripts.TestAdminStudentProfileClass" time="0.000" errors="1" timestamp="05 Mar 2022 18:39:38 GMT" skipped="2">
  <testcase classname="com.studentenrollmentsystem.scripts.TestAdminStudentProfileClass" name="onSetup" time="0.000">
    <error message="
Parameter &#039;browser&#039; is required by BeforeTest on method onSetup but has not been marked @Optional or defined
in C:\Users\dhann\AppData\Local\Temp\testng-eclipse--362804552\testng-customsuite.xml" type="org.testng.TestNGException">
      <![CDATA[org.testng.TestNGException: 
Parameter 'browser' is required by BeforeTest on method onSetup but has not been marked @Optional or defined
in C:\Users\dhann\AppData\Local\Temp\testng-eclipse--362804552\testng-customsuite.xml
	at org.testng.internal.Parameters.createParameters(Parameters.java:199)
	at org.testng.internal.Parameters.createParameters(Parameters.java:443)
	at org.testng.internal.Parameters.createConfigurationParameters(Parameters.java:118)
	at org.testng.internal.Invoker.invokeConfigurations(Invoker.java:206)
	at org.testng.internal.Invoker.invokeConfigurations(Invoker.java:146)
	at org.testng.TestRunner.beforeRun(TestRunner.java:626)
	at org.testng.TestRunner.run(TestRunner.java:594)
	at org.testng.SuiteRunner.runTest(SuiteRunner.java:380)
	at org.testng.SuiteRunner.runSequentially(SuiteRunner.java:375)
	at org.testng.SuiteRunner.privateRun(SuiteRunner.java:340)
	at org.testng.SuiteRunner.run(SuiteRunner.java:289)
	at org.testng.SuiteRunnerWorker.runSuite(SuiteRunnerWorker.java:52)
	at org.testng.SuiteRunnerWorker.run(SuiteRunnerWorker.java:86)
	at org.testng.TestNG.runSuitesSequentially(TestNG.java:1301)
	at org.testng.TestNG.runSuitesLocally(TestNG.java:1226)
	at org.testng.TestNG.runSuites(TestNG.java:1144)
	at org.testng.TestNG.run(TestNG.java:1115)
	at org.testng.remote.AbstractRemoteTestNG.run(AbstractRemoteTestNG.java:115)
	at org.testng.remote.RemoteTestNG.initAndRun(RemoteTestNG.java:251)
	at org.testng.remote.RemoteTestNG.main(RemoteTestNG.java:77)
]]>
    </error>
  </testcase> <!-- onSetup -->
  <testcase classname="com.studentenrollmentsystem.scripts.TestAdminStudentProfileClass" name="verifyValidAdminLogin" time="0.000">
    <skipped/>
  </testcase> <!-- verifyValidAdminLogin -->
  <testcase classname="com.studentenrollmentsystem.scripts.TestAdminStudentProfileClass" name="showStdDetail" time="0.000">
    <skipped/>
  </testcase> <!-- showStdDetail -->
</testsuite> <!-- com.studentenrollmentsystem.scripts.TestAdminStudentProfileClass -->
