<?xml version="1.0" encoding="UTF-8"?>
<!-- Generated by org.testng.reporters.JUnitReportReporter -->
<testsuite hostname="DESKTOP-LHA7JAF" failures="0" tests="3" name="com.studentenrollmentsystem.scripts.TestAdminAllStudentsClass" time="5.480" errors="0" timestamp="11 Mar 2022 13:33:32 GMT" skipped="0">
  <testcase classname="com.studentenrollmentsystem.scripts.TestAdminAllStudentsClass" name="showStdDetail" time="0.005"/>
  <testcase classname="com.studentenrollmentsystem.scripts.TestAdminAllStudentsClass" name="verifyValidAdminLogin" time="4.658"/>
  <testcase classname="com.studentenrollmentsystem.scripts.TestAdminAllStudentsClass" name="deleteStudent" time="0.817"/>
</testsuite> <!-- com.studentenrollmentsystem.scripts.TestAdminAllStudentsClass -->
